---------------------------------------------------------------
[ 2019-08-01T09:28:38+08:00 ] 0.0.0.0 GET localhost/fastadmin/public/web/redis/test
[运行时间：0.187435s] [吞吐率：5.34req/s] [内存消耗：2,034.83kb] [文件加载：115]
[ info ] [ BEHAVIOR ] Run Closure @app_init [ RunTime:0.000208s ]
[ info ] [ CACHE ] INIT File
[ info ] [ BEHAVIOR ] Run Closure @app_init [ RunTime:0.022432s ]
[ info ] [ LANG ] E:\phpStudy\PHPTutorial\WWW\fastadmin\thinkphp\lang\zh-cn.php
[ info ] [ ROUTE ] array (
  'type' => 'module',
  'module' => 
  array (
    0 => 'web',
    1 => 'redis',
    2 => 'test',
  ),
)
[ info ] [ HEADER ] array (
  'cookie' => 'pgv_pvi=3438598144; Hm_lvt_b393d153aeb26b46e9431fabaf0f6190=1557455492,1559184235; Hm_lvt_58347d769d009bcf6074e9a0ab7ba05e=1560908421; Hm_lvt_f8d0a8c400404989e195270b0bbf060a=1561946922,1562294920,1562654779,1562741274; PHPSESSID=i869hre8lfonel8d4d3niv07m3',
  'accept-language' => 'zh-CN,zh;q=0.9',
  'accept-encoding' => 'gzip, deflate, br',
  'accept' => 'text/html,application/xhtml+xml,application/xml;q=0.9,image/webp,image/apng,*/*;q=0.8,application/signed-exchange;v=b3',
  'user-agent' => 'Mozilla/5.0 (Windows NT 6.3; Win64; x64) AppleWebKit/537.36 (KHTML, like Gecko) Chrome/74.0.3729.108 Safari/537.36',
  'upgrade-insecure-requests' => '1',
  'cache-control' => 'max-age=0',
  'connection' => 'close',
  'host' => 'localhost',
)
[ info ] [ PARAM ] array (
)
[ info ] [ BEHAVIOR ] Run app\common\behavior\Common @module_init [ RunTime:0.006387s ]
[ info ] [ BEHAVIOR ] Run \addons\geetest\Geetest @action_begin [ RunTime:0.000086s ]
[ info ] [ RUN ] app\web\controller\Redis->test[ E:\phpStudy\PHPTutorial\WWW\fastadmin\application\web\controller\Redis.php ]
[ info ] [ LOG ] INIT File
---------------------------------------------------------------
[ 2019-08-01T09:32:34+08:00 ] 0.0.0.0 GET localhost/fastadmin/public/web/redis/test
[运行时间：0.075836s] [吞吐率：13.19req/s] [内存消耗：2,065.73kb] [文件加载：120]
[ info ] [ BEHAVIOR ] Run Closure @app_init [ RunTime:0.000029s ]
[ info ] [ CACHE ] INIT File
[ info ] [ BEHAVIOR ] Run Closure @app_init [ RunTime:0.005130s ]
[ info ] [ LANG ] E:\phpStudy\PHPTutorial\WWW\fastadmin\thinkphp\lang\zh-cn.php
[ info ] [ ROUTE ] array (
  'type' => 'module',
  'module' => 
  array (
    0 => 'web',
    1 => 'redis',
    2 => 'test',
  ),
)
[ info ] [ HEADER ] array (
  'cookie' => 'pgv_pvi=3438598144; Hm_lvt_b393d153aeb26b46e9431fabaf0f6190=1557455492,1559184235; Hm_lvt_58347d769d009bcf6074e9a0ab7ba05e=1560908421; Hm_lvt_f8d0a8c400404989e195270b0bbf060a=1561946922,1562294920,1562654779,1562741274; PHPSESSID=i869hre8lfonel8d4d3niv07m3',
  'accept-language' => 'zh-CN,zh;q=0.9',
  'accept-encoding' => 'gzip, deflate, br',
  'accept' => 'text/html,application/xhtml+xml,application/xml;q=0.9,image/webp,image/apng,*/*;q=0.8,application/signed-exchange;v=b3',
  'user-agent' => 'Mozilla/5.0 (Windows NT 6.3; Win64; x64) AppleWebKit/537.36 (KHTML, like Gecko) Chrome/74.0.3729.108 Safari/537.36',
  'upgrade-insecure-requests' => '1',
  'cache-control' => 'max-age=0',
  'connection' => 'close',
  'host' => 'localhost',
)
[ info ] [ PARAM ] array (
)
[ info ] [ BEHAVIOR ] Run app\common\behavior\Common @module_init [ RunTime:0.003362s ]
[ info ] [ BEHAVIOR ] Run \addons\geetest\Geetest @action_begin [ RunTime:0.000051s ]
[ info ] [ RUN ] app\web\controller\Redis->test[ E:\phpStudy\PHPTutorial\WWW\fastadmin\application\web\controller\Redis.php ]
[ info ] [ LOG ] INIT File
[ error ] [0]不支持: redis[E:\phpStudy\PHPTutorial\WWW\fastadmin\thinkphp\library\think\cache\driver\Redis.php:44]
---------------------------------------------------------------
[ 2019-08-01T10:14:48+08:00 ] 0.0.0.0 GET localhost/fastadmin/public/web/redis/test
[运行时间：0.086145s] [吞吐率：11.61req/s] [内存消耗：2,105.77kb] [文件加载：118]
[ info ] [ BEHAVIOR ] Run Closure @app_init [ RunTime:0.000102s ]
[ info ] [ CACHE ] INIT File
[ info ] [ BEHAVIOR ] Run Closure @app_init [ RunTime:0.006196s ]
[ info ] [ LANG ] E:\phpStudy\PHPTutorial\WWW\fastadmin\thinkphp\lang\zh-cn.php
[ info ] [ ROUTE ] array (
  'type' => 'module',
  'module' => 
  array (
    0 => 'web',
    1 => 'redis',
    2 => 'test',
  ),
)
[ info ] [ HEADER ] array (
  'cookie' => 'pgv_pvi=3438598144; Hm_lvt_b393d153aeb26b46e9431fabaf0f6190=1557455492,1559184235; Hm_lvt_58347d769d009bcf6074e9a0ab7ba05e=1560908421; Hm_lvt_f8d0a8c400404989e195270b0bbf060a=1561946922,1562294920,1562654779,1562741274; PHPSESSID=i869hre8lfonel8d4d3niv07m3',
  'accept-language' => 'zh-CN,zh;q=0.9',
  'accept-encoding' => 'gzip, deflate, br',
  'accept' => 'text/html,application/xhtml+xml,application/xml;q=0.9,image/webp,image/apng,*/*;q=0.8,application/signed-exchange;v=b3',
  'user-agent' => 'Mozilla/5.0 (Windows NT 6.3; Win64; x64) AppleWebKit/537.36 (KHTML, like Gecko) Chrome/74.0.3729.108 Safari/537.36',
  'upgrade-insecure-requests' => '1',
  'cache-control' => 'max-age=0',
  'connection' => 'close',
  'host' => 'localhost',
)
[ info ] [ PARAM ] array (
)
[ info ] [ BEHAVIOR ] Run app\common\behavior\Common @module_init [ RunTime:0.002406s ]
[ info ] [ BEHAVIOR ] Run \addons\geetest\Geetest @action_begin [ RunTime:0.000049s ]
[ info ] [ RUN ] app\web\controller\Redis->test[ E:\phpStudy\PHPTutorial\WWW\fastadmin\application\web\controller\Redis.php ]
[ info ] [ LOG ] INIT File
---------------------------------------------------------------
[ 2019-08-01T10:14:53+08:00 ] 0.0.0.0 GET localhost/fastadmin/public/web/redis/test
[运行时间：0.082617s] [吞吐率：12.10req/s] [内存消耗：2,033.63kb] [文件加载：118]
[ info ] [ BEHAVIOR ] Run Closure @app_init [ RunTime:0.000042s ]
[ info ] [ CACHE ] INIT File
[ info ] [ BEHAVIOR ] Run Closure @app_init [ RunTime:0.008352s ]
[ info ] [ LANG ] E:\phpStudy\PHPTutorial\WWW\fastadmin\thinkphp\lang\zh-cn.php
[ info ] [ ROUTE ] array (
  'type' => 'module',
  'module' => 
  array (
    0 => 'web',
    1 => 'redis',
    2 => 'test',
  ),
)
[ info ] [ HEADER ] array (
  'cookie' => 'pgv_pvi=3438598144; Hm_lvt_b393d153aeb26b46e9431fabaf0f6190=1557455492,1559184235; Hm_lvt_58347d769d009bcf6074e9a0ab7ba05e=1560908421; Hm_lvt_f8d0a8c400404989e195270b0bbf060a=1561946922,1562294920,1562654779,1562741274; PHPSESSID=i869hre8lfonel8d4d3niv07m3',
  'accept-language' => 'zh-CN,zh;q=0.9',
  'accept-encoding' => 'gzip, deflate, br',
  'accept' => 'text/html,application/xhtml+xml,application/xml;q=0.9,image/webp,image/apng,*/*;q=0.8,application/signed-exchange;v=b3',
  'user-agent' => 'Mozilla/5.0 (Windows NT 6.3; Win64; x64) AppleWebKit/537.36 (KHTML, like Gecko) Chrome/74.0.3729.108 Safari/537.36',
  'upgrade-insecure-requests' => '1',
  'cache-control' => 'max-age=0',
  'connection' => 'close',
  'host' => 'localhost',
)
[ info ] [ PARAM ] array (
)
[ info ] [ BEHAVIOR ] Run app\common\behavior\Common @module_init [ RunTime:0.003023s ]
[ info ] [ BEHAVIOR ] Run \addons\geetest\Geetest @action_begin [ RunTime:0.000060s ]
[ info ] [ RUN ] app\web\controller\Redis->test[ E:\phpStudy\PHPTutorial\WWW\fastadmin\application\web\controller\Redis.php ]
[ info ] [ LOG ] INIT File
---------------------------------------------------------------
[ 2019-08-01T10:15:18+08:00 ] 0.0.0.0 GET localhost/fastadmin/public/web/redis/test
[运行时间：0.090745s] [吞吐率：11.02req/s] [内存消耗：2,033.74kb] [文件加载：118]
[ info ] [ BEHAVIOR ] Run Closure @app_init [ RunTime:0.000026s ]
[ info ] [ CACHE ] INIT File
[ info ] [ BEHAVIOR ] Run Closure @app_init [ RunTime:0.006171s ]
[ info ] [ LANG ] E:\phpStudy\PHPTutorial\WWW\fastadmin\thinkphp\lang\zh-cn.php
[ info ] [ ROUTE ] array (
  'type' => 'module',
  'module' => 
  array (
    0 => 'web',
    1 => 'redis',
    2 => 'test',
  ),
)
[ info ] [ HEADER ] array (
  'cookie' => 'pgv_pvi=3438598144; Hm_lvt_b393d153aeb26b46e9431fabaf0f6190=1557455492,1559184235; Hm_lvt_58347d769d009bcf6074e9a0ab7ba05e=1560908421; Hm_lvt_f8d0a8c400404989e195270b0bbf060a=1561946922,1562294920,1562654779,1562741274; PHPSESSID=i869hre8lfonel8d4d3niv07m3',
  'accept-language' => 'zh-CN,zh;q=0.9',
  'accept-encoding' => 'gzip, deflate, br',
  'accept' => 'text/html,application/xhtml+xml,application/xml;q=0.9,image/webp,image/apng,*/*;q=0.8,application/signed-exchange;v=b3',
  'user-agent' => 'Mozilla/5.0 (Windows NT 6.3; Win64; x64) AppleWebKit/537.36 (KHTML, like Gecko) Chrome/74.0.3729.108 Safari/537.36',
  'upgrade-insecure-requests' => '1',
  'cache-control' => 'max-age=0',
  'connection' => 'close',
  'host' => 'localhost',
)
[ info ] [ PARAM ] array (
)
[ info ] [ BEHAVIOR ] Run app\common\behavior\Common @module_init [ RunTime:0.002276s ]
[ info ] [ BEHAVIOR ] Run \addons\geetest\Geetest @action_begin [ RunTime:0.000049s ]
[ info ] [ RUN ] app\web\controller\Redis->test[ E:\phpStudy\PHPTutorial\WWW\fastadmin\application\web\controller\Redis.php ]
[ info ] [ LOG ] INIT File
---------------------------------------------------------------
[ 2019-08-01T10:15:28+08:00 ] 0.0.0.0 GET localhost/fastadmin/public/web/redis/test
[运行时间：0.062303s] [吞吐率：16.05req/s] [内存消耗：2,034.01kb] [文件加载：118]
[ info ] [ BEHAVIOR ] Run Closure @app_init [ RunTime:0.000029s ]
[ info ] [ CACHE ] INIT File
[ info ] [ BEHAVIOR ] Run Closure @app_init [ RunTime:0.005070s ]
[ info ] [ LANG ] E:\phpStudy\PHPTutorial\WWW\fastadmin\thinkphp\lang\zh-cn.php
[ info ] [ ROUTE ] array (
  'type' => 'module',
  'module' => 
  array (
    0 => 'web',
    1 => 'redis',
    2 => 'test',
  ),
)
[ info ] [ HEADER ] array (
  'cookie' => 'pgv_pvi=3438598144; Hm_lvt_b393d153aeb26b46e9431fabaf0f6190=1557455492,1559184235; Hm_lvt_58347d769d009bcf6074e9a0ab7ba05e=1560908421; Hm_lvt_f8d0a8c400404989e195270b0bbf060a=1561946922,1562294920,1562654779,1562741274; PHPSESSID=i869hre8lfonel8d4d3niv07m3',
  'accept-language' => 'zh-CN,zh;q=0.9',
  'accept-encoding' => 'gzip, deflate, br',
  'accept' => 'text/html,application/xhtml+xml,application/xml;q=0.9,image/webp,image/apng,*/*;q=0.8,application/signed-exchange;v=b3',
  'user-agent' => 'Mozilla/5.0 (Windows NT 6.3; Win64; x64) AppleWebKit/537.36 (KHTML, like Gecko) Chrome/74.0.3729.108 Safari/537.36',
  'upgrade-insecure-requests' => '1',
  'cache-control' => 'max-age=0',
  'connection' => 'close',
  'host' => 'localhost',
)
[ info ] [ PARAM ] array (
)
[ info ] [ BEHAVIOR ] Run app\common\behavior\Common @module_init [ RunTime:0.002448s ]
[ info ] [ BEHAVIOR ] Run \addons\geetest\Geetest @action_begin [ RunTime:0.000129s ]
[ info ] [ RUN ] app\web\controller\Redis->test[ E:\phpStudy\PHPTutorial\WWW\fastadmin\application\web\controller\Redis.php ]
[ info ] [ LOG ] INIT File
---------------------------------------------------------------
[ 2019-08-01T10:15:32+08:00 ] 0.0.0.0 GET localhost/fastadmin/public/web/redis/test
[运行时间：0.097984s] [吞吐率：10.21req/s] [内存消耗：2,033.98kb] [文件加载：118]
[ info ] [ BEHAVIOR ] Run Closure @app_init [ RunTime:0.000029s ]
[ info ] [ CACHE ] INIT File
[ info ] [ BEHAVIOR ] Run Closure @app_init [ RunTime:0.006071s ]
[ info ] [ LANG ] E:\phpStudy\PHPTutorial\WWW\fastadmin\thinkphp\lang\zh-cn.php
[ info ] [ ROUTE ] array (
  'type' => 'module',
  'module' => 
  array (
    0 => 'web',
    1 => 'redis',
    2 => 'test',
  ),
)
[ info ] [ HEADER ] array (
  'cookie' => 'pgv_pvi=3438598144; Hm_lvt_b393d153aeb26b46e9431fabaf0f6190=1557455492,1559184235; Hm_lvt_58347d769d009bcf6074e9a0ab7ba05e=1560908421; Hm_lvt_f8d0a8c400404989e195270b0bbf060a=1561946922,1562294920,1562654779,1562741274; PHPSESSID=i869hre8lfonel8d4d3niv07m3',
  'accept-language' => 'zh-CN,zh;q=0.9',
  'accept-encoding' => 'gzip, deflate, br',
  'accept' => 'text/html,application/xhtml+xml,application/xml;q=0.9,image/webp,image/apng,*/*;q=0.8,application/signed-exchange;v=b3',
  'user-agent' => 'Mozilla/5.0 (Windows NT 6.3; Win64; x64) AppleWebKit/537.36 (KHTML, like Gecko) Chrome/74.0.3729.108 Safari/537.36',
  'upgrade-insecure-requests' => '1',
  'cache-control' => 'max-age=0',
  'connection' => 'close',
  'host' => 'localhost',
)
[ info ] [ PARAM ] array (
)
[ info ] [ BEHAVIOR ] Run app\common\behavior\Common @module_init [ RunTime:0.002428s ]
[ info ] [ BEHAVIOR ] Run \addons\geetest\Geetest @action_begin [ RunTime:0.000089s ]
[ info ] [ RUN ] app\web\controller\Redis->test[ E:\phpStudy\PHPTutorial\WWW\fastadmin\application\web\controller\Redis.php ]
[ info ] [ LOG ] INIT File
