---------------------------------------------------------------
[ 2019-08-05T11:23:58+08:00 ] 0.0.0.0 GET localhost/fastadmin/public/
[运行时间：0.188283s] [吞吐率：5.31req/s] [内存消耗：2,387.16kb] [文件加载：127]
[ info ] [ BEHAVIOR ] Run Closure @app_init [ RunTime:0.002402s ]
[ info ] [ CACHE ] INIT File
[ info ] [ BEHAVIOR ] Run Closure @app_init [ RunTime:0.014043s ]
[ info ] [ LANG ] E:\phpStudy\PHPTutorial\WWW\fastadmin\thinkphp\lang\zh-cn.php
[ info ] [ ROUTE ] array (
  'type' => 'module',
  'module' => 
  array (
    0 => '',
    1 => NULL,
    2 => NULL,
  ),
)
[ info ] [ HEADER ] array (
  'cookie' => 'pgv_pvi=3438598144; Hm_lvt_b393d153aeb26b46e9431fabaf0f6190=1557455492,1559184235; Hm_lvt_58347d769d009bcf6074e9a0ab7ba05e=1560908421; Hm_lvt_f8d0a8c400404989e195270b0bbf060a=1561946922,1562294920,1562654779,1562741274; PHPSESSID=i869hre8lfonel8d4d3niv07m3',
  'accept-language' => 'zh-CN,zh;q=0.9',
  'accept-encoding' => 'gzip, deflate, br',
  'accept' => 'text/html,application/xhtml+xml,application/xml;q=0.9,image/webp,image/apng,*/*;q=0.8,application/signed-exchange;v=b3',
  'user-agent' => 'Mozilla/5.0 (Windows NT 6.3; Win64; x64) AppleWebKit/537.36 (KHTML, like Gecko) Chrome/74.0.3729.108 Safari/537.36',
  'upgrade-insecure-requests' => '1',
  'connection' => 'close',
  'host' => 'localhost',
)
[ info ] [ PARAM ] array (
)
[ info ] [ LANG ] E:\phpStudy\PHPTutorial\WWW\fastadmin\public/../application/index\lang\zh-cn.php
[ info ] [ BEHAVIOR ] Run app\common\behavior\Common @module_init [ RunTime:0.005875s ]
[ info ] [ BEHAVIOR ] Run \addons\geetest\Geetest @config_init [ RunTime:0.001272s ]
[ info ] [ LANG ] E:\phpStudy\PHPTutorial\WWW\fastadmin\public/../application/index/lang/zh-cn/index.php
[ info ] [ BEHAVIOR ] Run \addons\geetest\Geetest @action_begin [ RunTime:0.000091s ]
[ info ] [ RUN ] app\index\controller\Index->index[ E:\phpStudy\PHPTutorial\WWW\fastadmin\application\index\controller\Index.php ]
[ info ] [ VIEW ] E:\phpStudy\PHPTutorial\WWW\fastadmin\public/../application/index\view\index\index.html [ array (
  0 => 'user',
  1 => 'site',
  2 => 'config',
) ]
[ info ] [ LOG ] INIT File
---------------------------------------------------------------
[ 2019-08-05T11:24:41+08:00 ] 0.0.0.0 GET localhost/fastadmin/public/admin_yuntingdiancan.php
[运行时间：0.083923s] [吞吐率：11.92req/s] [内存消耗：2,361.80kb] [文件加载：127]
[ info ] [ BEHAVIOR ] Run Closure @app_init [ RunTime:0.000057s ]
[ info ] [ CACHE ] INIT File
[ info ] [ BEHAVIOR ] Run Closure @app_init [ RunTime:0.005579s ]
[ info ] [ LANG ] E:\phpStudy\PHPTutorial\WWW\fastadmin\thinkphp\lang\zh-cn.php
[ info ] [ ROUTE ] array (
  'type' => 'module',
  'module' => 
  array (
    0 => 'admin',
    1 => NULL,
    2 => NULL,
  ),
)
[ info ] [ HEADER ] array (
  'cookie' => 'pgv_pvi=3438598144; Hm_lvt_b393d153aeb26b46e9431fabaf0f6190=1557455492,1559184235; Hm_lvt_58347d769d009bcf6074e9a0ab7ba05e=1560908421; Hm_lvt_f8d0a8c400404989e195270b0bbf060a=1561946922,1562294920,1562654779,1562741274; PHPSESSID=i869hre8lfonel8d4d3niv07m3',
  'accept-language' => 'zh-CN,zh;q=0.9',
  'accept-encoding' => 'gzip, deflate, br',
  'purpose' => 'prefetch',
  'accept' => 'text/html,application/xhtml+xml,application/xml;q=0.9,image/webp,image/apng,*/*;q=0.8,application/signed-exchange;v=b3',
  'user-agent' => 'Mozilla/5.0 (Windows NT 6.3; Win64; x64) AppleWebKit/537.36 (KHTML, like Gecko) Chrome/74.0.3729.108 Safari/537.36',
  'upgrade-insecure-requests' => '1',
  'connection' => 'close',
  'host' => 'localhost',
)
[ info ] [ PARAM ] array (
)
[ info ] [ LANG ] E:\phpStudy\PHPTutorial\WWW\fastadmin\public/../application/admin\lang\zh-cn.php
[ info ] [ BEHAVIOR ] Run app\common\behavior\Common @module_init [ RunTime:0.002167s ]
[ info ] [ SESSION ] INIT array (
  'id' => '',
  'var_session_id' => '',
  'prefix' => 'think',
  'type' => '',
  'auto_start' => true,
)
[ info ] [ VIEW ] E:\phpStudy\PHPTutorial\WWW\fastadmin\public/../application/common\view\tpl\dispatch_jump.tpl [ array (
  0 => 'code',
  1 => 'msg',
  2 => 'data',
  3 => 'url',
  4 => 'wait',
) ]
[ info ] [ BEHAVIOR ] Run app\admin\behavior\AdminLog @app_end [ RunTime:0.000862s ]
[ info ] [ LOG ] INIT File
---------------------------------------------------------------
[ 2019-08-05T11:24:43+08:00 ] 0.0.0.0 GET localhost/fastadmin/public/admin_yuntingdiancan.php
[运行时间：0.066701s] [吞吐率：14.99req/s] [内存消耗：2,361.27kb] [文件加载：127]
[ info ] [ BEHAVIOR ] Run Closure @app_init [ RunTime:0.000024s ]
[ info ] [ CACHE ] INIT File
[ info ] [ BEHAVIOR ] Run Closure @app_init [ RunTime:0.006685s ]
[ info ] [ LANG ] E:\phpStudy\PHPTutorial\WWW\fastadmin\thinkphp\lang\zh-cn.php
[ info ] [ ROUTE ] array (
  'type' => 'module',
  'module' => 
  array (
    0 => 'admin',
    1 => NULL,
    2 => NULL,
  ),
)
[ info ] [ HEADER ] array (
  'cookie' => 'pgv_pvi=3438598144; Hm_lvt_b393d153aeb26b46e9431fabaf0f6190=1557455492,1559184235; Hm_lvt_58347d769d009bcf6074e9a0ab7ba05e=1560908421; Hm_lvt_f8d0a8c400404989e195270b0bbf060a=1561946922,1562294920,1562654779,1562741274; PHPSESSID=i869hre8lfonel8d4d3niv07m3',
  'accept-language' => 'zh-CN,zh;q=0.9',
  'accept-encoding' => 'gzip, deflate, br',
  'accept' => 'text/html,application/xhtml+xml,application/xml;q=0.9,image/webp,image/apng,*/*;q=0.8,application/signed-exchange;v=b3',
  'user-agent' => 'Mozilla/5.0 (Windows NT 6.3; Win64; x64) AppleWebKit/537.36 (KHTML, like Gecko) Chrome/74.0.3729.108 Safari/537.36',
  'upgrade-insecure-requests' => '1',
  'connection' => 'close',
  'host' => 'localhost',
)
[ info ] [ PARAM ] array (
)
[ info ] [ LANG ] E:\phpStudy\PHPTutorial\WWW\fastadmin\public/../application/admin\lang\zh-cn.php
[ info ] [ BEHAVIOR ] Run app\common\behavior\Common @module_init [ RunTime:0.002111s ]
[ info ] [ SESSION ] INIT array (
  'id' => '',
  'var_session_id' => '',
  'prefix' => 'think',
  'type' => '',
  'auto_start' => true,
)
[ info ] [ VIEW ] E:\phpStudy\PHPTutorial\WWW\fastadmin\public/../application/common\view\tpl\dispatch_jump.tpl [ array (
  0 => 'code',
  1 => 'msg',
  2 => 'data',
  3 => 'url',
  4 => 'wait',
) ]
[ info ] [ BEHAVIOR ] Run app\admin\behavior\AdminLog @app_end [ RunTime:0.000525s ]
[ info ] [ LOG ] INIT File
---------------------------------------------------------------
[ 2019-08-05T11:24:44+08:00 ] 0.0.0.0 GET localhost/fastadmin/public/admin_yuntingdiancan.php/index/login?url=%2Ffastadmin%2Fpublic%2Fadmin_yuntingdiancan.php
[运行时间：0.073570s] [吞吐率：13.59req/s] [内存消耗：2,627.27kb] [文件加载：132]
[ info ] [ BEHAVIOR ] Run Closure @app_init [ RunTime:0.000025s ]
[ info ] [ CACHE ] INIT File
[ info ] [ BEHAVIOR ] Run Closure @app_init [ RunTime:0.005905s ]
[ info ] [ LANG ] E:\phpStudy\PHPTutorial\WWW\fastadmin\thinkphp\lang\zh-cn.php
[ info ] [ ROUTE ] array (
  'type' => 'module',
  'module' => 
  array (
    0 => 'admin',
    1 => 'index',
    2 => 'login',
  ),
)
[ info ] [ HEADER ] array (
  'cookie' => 'pgv_pvi=3438598144; Hm_lvt_b393d153aeb26b46e9431fabaf0f6190=1557455492,1559184235; Hm_lvt_58347d769d009bcf6074e9a0ab7ba05e=1560908421; Hm_lvt_f8d0a8c400404989e195270b0bbf060a=1561946922,1562294920,1562654779,1562741274; PHPSESSID=i869hre8lfonel8d4d3niv07m3',
  'accept-language' => 'zh-CN,zh;q=0.9',
  'accept-encoding' => 'gzip, deflate, br',
  'referer' => 'http://localhost/fastadmin/public/admin_yuntingdiancan.php',
  'accept' => 'text/html,application/xhtml+xml,application/xml;q=0.9,image/webp,image/apng,*/*;q=0.8,application/signed-exchange;v=b3',
  'user-agent' => 'Mozilla/5.0 (Windows NT 6.3; Win64; x64) AppleWebKit/537.36 (KHTML, like Gecko) Chrome/74.0.3729.108 Safari/537.36',
  'upgrade-insecure-requests' => '1',
  'connection' => 'close',
  'host' => 'localhost',
)
[ info ] [ PARAM ] array (
  'url' => '/fastadmin/public/admin_yuntingdiancan.php',
)
[ info ] [ LANG ] E:\phpStudy\PHPTutorial\WWW\fastadmin\public/../application/admin\lang\zh-cn.php
[ info ] [ BEHAVIOR ] Run app\common\behavior\Common @module_init [ RunTime:0.002125s ]
[ info ] [ SESSION ] INIT array (
  'id' => '',
  'var_session_id' => '',
  'prefix' => 'think',
  'type' => '',
  'auto_start' => true,
)
[ info ] [ BEHAVIOR ] Run \addons\geetest\Geetest @config_init [ RunTime:0.000516s ]
[ info ] [ LANG ] E:\phpStudy\PHPTutorial\WWW\fastadmin\public/../application/admin/lang/zh-cn/index.php
[ info ] [ BEHAVIOR ] Run \addons\geetest\Geetest @action_begin [ RunTime:0.000049s ]
[ info ] [ RUN ] app\admin\controller\Index->login[ E:\phpStudy\PHPTutorial\WWW\fastadmin\application\admin\controller\Index.php ]
[ info ] [ BEHAVIOR ] Run \addons\loginbg\Loginbg @admin_login_init [ RunTime:0.000816s ]
[ info ] [ VIEW ] E:\phpStudy\PHPTutorial\WWW\fastadmin\public/../application/admin\view\index\login.html [ array (
  0 => 'breadcrumb',
  1 => 'site',
  2 => 'config',
  3 => 'auth',
  4 => 'admin',
  5 => 'background',
  6 => 'title',
) ]
[ info ] [ BEHAVIOR ] Run app\admin\behavior\AdminLog @app_end [ RunTime:0.000511s ]
[ info ] [ LOG ] INIT File
---------------------------------------------------------------
[ 2019-08-05T11:24:45+08:00 ] 0.0.0.0 GET localhost/fastadmin/public/index.php?s=/captcha
[运行时间：0.096918s] [吞吐率：10.32req/s] [内存消耗：1,737.14kb] [文件加载：110]
[ info ] [ BEHAVIOR ] Run Closure @app_init [ RunTime:0.000040s ]
[ info ] [ CACHE ] INIT File
[ info ] [ BEHAVIOR ] Run Closure @app_init [ RunTime:0.007194s ]
[ info ] [ LANG ] E:\phpStudy\PHPTutorial\WWW\fastadmin\thinkphp\lang\zh-cn.php
[ info ] [ ROUTE ] array (
  'type' => 'method',
  'method' => 
  array (
    0 => '\\think\\captcha\\CaptchaController',
    1 => 'index',
  ),
  'var' => 
  array (
  ),
)
[ info ] [ HEADER ] array (
  'cookie' => 'pgv_pvi=3438598144; Hm_lvt_b393d153aeb26b46e9431fabaf0f6190=1557455492,1559184235; Hm_lvt_58347d769d009bcf6074e9a0ab7ba05e=1560908421; Hm_lvt_f8d0a8c400404989e195270b0bbf060a=1561946922,1562294920,1562654779,1562741274; PHPSESSID=i869hre8lfonel8d4d3niv07m3',
  'accept-language' => 'zh-CN,zh;q=0.9',
  'accept-encoding' => 'gzip, deflate, br',
  'referer' => 'http://localhost/fastadmin/public/admin_yuntingdiancan.php/index/login?url=%2Ffastadmin%2Fpublic%2Fadmin_yuntingdiancan.php',
  'accept' => 'image/webp,image/apng,image/*,*/*;q=0.8',
  'user-agent' => 'Mozilla/5.0 (Windows NT 6.3; Win64; x64) AppleWebKit/537.36 (KHTML, like Gecko) Chrome/74.0.3729.108 Safari/537.36',
  'connection' => 'close',
  'host' => 'localhost',
)
[ info ] [ PARAM ] array (
  'id' => NULL,
)
[ info ] [ RUN ] think\captcha\CaptchaController->index[ E:\phpStudy\PHPTutorial\WWW\fastadmin\vendor\topthink\think-captcha\src\CaptchaController.php ]
[ info ] [ SESSION ] INIT array (
  'id' => '',
  'var_session_id' => '',
  'prefix' => 'think',
  'type' => '',
  'auto_start' => true,
)
[ info ] [ LOG ] INIT File
---------------------------------------------------------------
[ 2019-08-05T11:24:45+08:00 ] 0.0.0.0 GET localhost/fastadmin/public/admin_yuntingdiancan.php/ajax/lang?callback=define&controllername=index&v=1564975484
[运行时间：0.070910s] [吞吐率：14.10req/s] [内存消耗：2,637.88kb] [文件加载：131]
[ info ] [ BEHAVIOR ] Run Closure @app_init [ RunTime:0.000024s ]
[ info ] [ CACHE ] INIT File
[ info ] [ BEHAVIOR ] Run Closure @app_init [ RunTime:0.004843s ]
[ info ] [ LANG ] E:\phpStudy\PHPTutorial\WWW\fastadmin\thinkphp\lang\zh-cn.php
[ info ] [ ROUTE ] array (
  'type' => 'module',
  'module' => 
  array (
    0 => 'admin',
    1 => 'ajax',
    2 => 'lang',
  ),
)
[ info ] [ HEADER ] array (
  'cookie' => 'pgv_pvi=3438598144; Hm_lvt_b393d153aeb26b46e9431fabaf0f6190=1557455492,1559184235; Hm_lvt_58347d769d009bcf6074e9a0ab7ba05e=1560908421; Hm_lvt_f8d0a8c400404989e195270b0bbf060a=1561946922,1562294920,1562654779,1562741274; PHPSESSID=i869hre8lfonel8d4d3niv07m3',
  'accept-language' => 'zh-CN,zh;q=0.9',
  'accept-encoding' => 'gzip, deflate, br',
  'referer' => 'http://localhost/fastadmin/public/admin_yuntingdiancan.php/index/login?url=%2Ffastadmin%2Fpublic%2Fadmin_yuntingdiancan.php',
  'accept' => '*/*',
  'user-agent' => 'Mozilla/5.0 (Windows NT 6.3; Win64; x64) AppleWebKit/537.36 (KHTML, like Gecko) Chrome/74.0.3729.108 Safari/537.36',
  'connection' => 'close',
  'host' => 'localhost',
)
[ info ] [ PARAM ] array (
  'callback' => 'define',
  'controllername' => 'index',
  'v' => '1564975484',
)
[ info ] [ LANG ] E:\phpStudy\PHPTutorial\WWW\fastadmin\public/../application/admin\lang\zh-cn.php
[ info ] [ BEHAVIOR ] Run app\common\behavior\Common @module_init [ RunTime:0.002029s ]
[ info ] [ SESSION ] INIT array (
  'id' => '',
  'var_session_id' => '',
  'prefix' => 'think',
  'type' => '',
  'auto_start' => true,
)
[ info ] [ BEHAVIOR ] Run \addons\geetest\Geetest @config_init [ RunTime:0.000456s ]
[ info ] [ LANG ] E:\phpStudy\PHPTutorial\WWW\fastadmin\public/../application/admin/lang/zh-cn/ajax.php
[ info ] [ BEHAVIOR ] Run \addons\geetest\Geetest @action_begin [ RunTime:0.000040s ]
[ info ] [ RUN ] app\admin\controller\Ajax->lang[ E:\phpStudy\PHPTutorial\WWW\fastadmin\application\admin\controller\Ajax.php ]
[ info ] [ LANG ] E:\phpStudy\PHPTutorial\WWW\fastadmin\public/../application/admin/lang/zh-cn/index.php
[ info ] [ BEHAVIOR ] Run app\admin\behavior\AdminLog @app_end [ RunTime:0.000576s ]
[ info ] [ LOG ] INIT File
---------------------------------------------------------------
[ 2019-08-05T11:24:45+08:00 ] 0.0.0.0 POST localhost/fastadmin/public/addons/geetest/index/start
[运行时间：0.187398s] [吞吐率：5.34req/s] [内存消耗：2,465.42kb] [文件加载：131]
[ info ] [ BEHAVIOR ] Run Closure @app_init [ RunTime:0.000050s ]
[ info ] [ CACHE ] INIT File
[ info ] [ BEHAVIOR ] Run Closure @app_init [ RunTime:0.009757s ]
[ info ] [ LANG ] E:\phpStudy\PHPTutorial\WWW\fastadmin\thinkphp\lang\zh-cn.php
[ info ] [ ROUTE ] array (
  'type' => 'method',
  'method' => 
  array (
    0 => '\\think\\addons\\Route',
    1 => 'execute',
  ),
  'var' => 
  array (
  ),
)
[ info ] [ HEADER ] array (
  'cookie' => 'pgv_pvi=3438598144; Hm_lvt_b393d153aeb26b46e9431fabaf0f6190=1557455492,1559184235; Hm_lvt_58347d769d009bcf6074e9a0ab7ba05e=1560908421; Hm_lvt_f8d0a8c400404989e195270b0bbf060a=1561946922,1562294920,1562654779,1562741274; PHPSESSID=i869hre8lfonel8d4d3niv07m3',
  'accept-language' => 'zh-CN,zh;q=0.9',
  'accept-encoding' => 'gzip, deflate, br',
  'referer' => 'http://localhost/fastadmin/public/admin_yuntingdiancan.php/index/login?url=%2Ffastadmin%2Fpublic%2Fadmin_yuntingdiancan.php',
  'user-agent' => 'Mozilla/5.0 (Windows NT 6.3; Win64; x64) AppleWebKit/537.36 (KHTML, like Gecko) Chrome/74.0.3729.108 Safari/537.36',
  'x-requested-with' => 'XMLHttpRequest',
  'origin' => 'http://localhost',
  'accept' => 'application/json, text/javascript, */*; q=0.01',
  'content-length' => '0',
  'connection' => 'close',
  'host' => 'localhost',
)
[ info ] [ PARAM ] array (
  'addon' => 'geetest',
  'controller' => 'index',
  'action' => 'start',
)
[ info ] [ RUN ] think\addons\Route->execute[ E:\phpStudy\PHPTutorial\WWW\fastadmin\vendor\karsonzhang\fastadmin-addons\src\addons\Route.php ]
[ info ] [ LANG ] E:\phpStudy\PHPTutorial\WWW\fastadmin\public/../application/common\lang\zh-cn\addon.php
[ info ] [ BEHAVIOR ] Run app\common\behavior\Common @addon_begin [ RunTime:0.005420s ]
[ info ] [ SESSION ] INIT array (
  'id' => '',
  'var_session_id' => '',
  'prefix' => 'think',
  'type' => '',
  'auto_start' => true,
)
[ info ] [ LOG ] INIT File
